# JRE version: OpenJDK Runtime Environment Temurin-17.0.9+9 (17.0.9+9) (build 17.0.9+9)
# Java VM: OpenJDK 64-Bit Server VM Temurin-17.0.9+9 (17.0.9+9, mixed mode, emulated-client, tiered, compressed oops, compressed class ptrs, g1 gc, windows-amd64)
GC Precious Log:
 CPUs: 4 total, 4 available
 Memory: 3524M
 Large Page Support: Disabled
 NUMA Support: Disabled
 Compressed Oops: Enabled (32-bit)
 Heap Region Size: 1M
 Heap Min Capacity: 8M
 Heap Initial Capacity: 56M
 Heap Max Capacity: 1G
 Pre-touch: Disabled
 Parallel Workers: 4
 Concurrent Workers: 1
 Concurrent Refinement Workers: 4
 Periodic GC: Disabled
Heap:
 garbage-first heap   total 100352K, used 34660K [0x00000000c0000000, 0x0000000100000000)
  region size 1024K, 1 young (1024K), 0 survivors (0K)
 Metaspace       used 57450K, committed 58048K, reserved 1114112K
  class space    used 7084K, committed 7360K, reserved 1048576K
GC Heap History (20 events):
Event: 2123.468 GC heap before
{Heap before GC invocations=200 (full 172):
 garbage-first heap   total 100352K, used 34660K [0x00000000c0000000, 0x0000000100000000)
  region size 1024K, 1 young (1024K), 0 survivors (0K)
 Metaspace       used 57450K, committed 58048K, reserved 1114112K
  class space    used 7084K, committed 7360K, reserved 1048576K
}
Event: 2123.513 GC heap after
{Heap after GC invocations=201 (full 173):
 garbage-first heap   total 100352K, used 34660K [0x00000000c0000000, 0x0000000100000000)
  region size 1024K, 0 young (0K), 0 survivors (0K)
 Metaspace       used 57450K, committed 58048K, reserved 1114112K
  class space    used 7084K, committed 7360K, reserved 1048576K
}
Event: 2133.784 GC heap before
{Heap before GC invocations=201 (full 173):
 garbage-first heap   total 100352K, used 34660K [0x00000000c0000000, 0x0000000100000000)
  region size 1024K, 1 young (1024K), 0 survivors (0K)
 Metaspace       used 57450K, committed 58048K, reserved 1114112K
  class space    used 7084K, committed 7360K, reserved 1048576K
}
Event: 2133.818 GC heap after
{Heap after GC invocations=202 (full 174):
 garbage-first heap   total 100352K, used 34660K [0x00000000c0000000, 0x0000000100000000)
  region size 1024K, 0 young (0K), 0 survivors (0K)
 Metaspace       used 57450K, committed 58048K, reserved 1114112K
  class space    used 7084K, committed 7360K, reserved 1048576K
}
Event: 2144.088 GC heap before
{Heap before GC invocations=202 (full 174):
 garbage-first heap   total 100352K, used 34660K [0x00000000c0000000, 0x0000000100000000)
  region size 1024K, 1 young (1024K), 0 survivors (0K)
 Metaspace       used 57450K, committed 58048K, reserved 1114112K
  class space    used 7084K, committed 7360K, reserved 1048576K
}
Event: 2144.122 GC heap after
{Heap after GC invocations=203 (full 175):
 garbage-first heap   total 100352K, used 34660K [0x00000000c0000000, 0x0000000100000000)
  region size 1024K, 0 young (0K), 0 survivors (0K)
 Metaspace       used 57450K, committed 58048K, reserved 1114112K
  class space    used 7084K, committed 7360K, reserved 1048576K
}
Event: 2155.677 GC heap before
{Heap before GC invocations=203 (full 175):
 garbage-first heap   total 100352K, used 34660K [0x00000000c0000000, 0x0000000100000000)
  region size 1024K, 1 young (1024K), 0 survivors (0K)
 Metaspace       used 57450K, committed 58048K, reserved 1114112K
  class space    used 7084K, committed 7360K, reserved 1048576K
}
Event: 2155.732 GC heap after
{Heap after GC invocations=204 (full 176):
 garbage-first heap   total 100352K, used 34660K [0x00000000c0000000, 0x0000000100000000)
  region size 1024K, 0 young (0K), 0 survivors (0K)
 Metaspace       used 57450K, committed 58048K, reserved 1114112K
  class space    used 7084K, committed 7360K, reserved 1048576K
}
Event: 2166.053 GC heap before
{Heap before GC invocations=204 (full 176):
 garbage-first heap   total 100352K, used 34660K [0x00000000c0000000, 0x0000000100000000)
  region size 1024K, 1 young (1024K), 0 survivors (0K)
 Metaspace       used 57450K, committed 58048K, reserved 1114112K
  class space    used 7084K, committed 7360K, reserved 1048576K
}
Event: 2166.095 GC heap after
{Heap after GC invocations=205 (full 177):
 garbage-first heap   total 100352K, used 34660K [0x00000000c0000000, 0x0000000100000000)
  region size 1024K, 0 young (0K), 0 survivors (0K)
 Metaspace       used 57450K, committed 58048K, reserved 1114112K
  class space    used 7084K, committed 7360K, reserved 1048576K
}
Event: 2176.386 GC heap before
{Heap before GC invocations=205 (full 177):
 garbage-first heap   total 100352K, used 34660K [0x00000000c0000000, 0x0000000100000000)
  region size 1024K, 1 young (1024K), 0 survivors (0K)
 Metaspace       used 57450K, committed 58048K, reserved 1114112K
  class space    used 7084K, committed 7360K, reserved 1048576K
}
Event: 2176.426 GC heap after
{Heap after GC invocations=206 (full 178):
 garbage-first heap   total 100352K, used 34660K [0x00000000c0000000, 0x0000000100000000)
  region size 1024K, 0 young (0K), 0 survivors (0K)
 Metaspace       used 57450K, committed 58048K, reserved 1114112K
  class space    used 7084K, committed 7360K, reserved 1048576K
}
Event: 2186.768 GC heap before
{Heap before GC invocations=206 (full 178):
 garbage-first heap   total 100352K, used 34660K [0x00000000c0000000, 0x0000000100000000)
  region size 1024K, 1 young (1024K), 0 survivors (0K)
 Metaspace       used 57450K, committed 58048K, reserved 1114112K
  class space    used 7084K, committed 7360K, reserved 1048576K
}
Event: 2186.805 GC heap after
{Heap after GC invocations=207 (full 179):
 garbage-first heap   total 100352K, used 34660K [0x00000000c0000000, 0x0000000100000000)
  region size 1024K, 0 young (0K), 0 survivors (0K)
 Metaspace       used 57450K, committed 58048K, reserved 1114112K
  class space    used 7084K, committed 7360K, reserved 1048576K
}
Event: 2197.262 GC heap before
{Heap before GC invocations=207 (full 179):
 garbage-first heap   total 100352K, used 34660K [0x00000000c0000000, 0x0000000100000000)
  region size 1024K, 1 young (1024K), 0 survivors (0K)
 Metaspace       used 57450K, committed 58048K, reserved 1114112K
  class space    used 7084K, committed 7360K, reserved 1048576K
}
Event: 2197.297 GC heap after
{Heap after GC invocations=208 (full 180):
 garbage-first heap   total 100352K, used 34660K [0x00000000c0000000, 0x0000000100000000)
  region size 1024K, 0 young (0K), 0 survivors (0K)
 Metaspace       used 57450K, committed 58048K, reserved 1114112K
  class space    used 7084K, committed 7360K, reserved 1048576K
}
Event: 2207.607 GC heap before
{Heap before GC invocations=208 (full 180):
 garbage-first heap   total 100352K, used 34660K [0x00000000c0000000, 0x0000000100000000)
  region size 1024K, 1 young (1024K), 0 survivors (0K)
 Metaspace       used 57450K, committed 58048K, reserved 1114112K
  class space    used 7084K, committed 7360K, reserved 1048576K
}
Event: 2207.644 GC heap after
{Heap after GC invocations=209 (full 181):
 garbage-first heap   total 100352K, used 34660K [0x00000000c0000000, 0x0000000100000000)
  region size 1024K, 0 young (0K), 0 survivors (0K)
 Metaspace       used 57450K, committed 58048K, reserved 1114112K
  class space    used 7084K, committed 7360K, reserved 1048576K
}
Event: 2217.928 GC heap before
{Heap before GC invocations=209 (full 181):
 garbage-first heap   total 100352K, used 34660K [0x00000000c0000000, 0x0000000100000000)
  region size 1024K, 1 young (1024K), 0 survivors (0K)
 Metaspace       used 57450K, committed 58048K, reserved 1114112K
  class space    used 7084K, committed 7360K, reserved 1048576K
}
Event: 2217.963 GC heap after
{Heap after GC invocations=210 (full 182):
 garbage-first heap   total 100352K, used 34660K [0x00000000c0000000, 0x0000000100000000)
  region size 1024K, 0 young (0K), 0 survivors (0K)
 Metaspace       used 57450K, committed 58048K, reserved 1114112K
  class space    used 7084K, committed 7360K, reserved 1048576K
}

