# JRE version: OpenJDK Runtime Environment Temurin-17.0.9+9 (17.0.9+9) (build 17.0.9+9)
# Java VM: OpenJDK 64-Bit Server VM Temurin-17.0.9+9 (17.0.9+9, mixed mode, emulated-client, tiered, compressed oops, compressed class ptrs, g1 gc, windows-amd64)
GC Precious Log:
 CPUs: 4 total, 4 available
 Memory: 3524M
 Large Page Support: Disabled
 NUMA Support: Disabled
 Compressed Oops: Enabled (32-bit)
 Heap Region Size: 1M
 Heap Min Capacity: 8M
 Heap Initial Capacity: 56M
 Heap Max Capacity: 1G
 Pre-touch: Disabled
 Parallel Workers: 4
 Concurrent Workers: 1
 Concurrent Refinement Workers: 4
 Periodic GC: Disabled
Heap:
 garbage-first heap   total 57344K, used 22206K [0x00000000c0000000, 0x0000000100000000)
  region size 1024K, 1 young (1024K), 0 survivors (0K)
 Metaspace       used 38410K, committed 38976K, reserved 1114112K
  class space    used 5048K, committed 5248K, reserved 1048576K
GC Heap History (20 events):
Event: 329.478 GC heap before
{Heap before GC invocations=38 (full 24):
 garbage-first heap   total 57344K, used 22206K [0x00000000c0000000, 0x0000000100000000)
  region size 1024K, 1 young (1024K), 0 survivors (0K)
 Metaspace       used 38410K, committed 38976K, reserved 1114112K
  class space    used 5048K, committed 5248K, reserved 1048576K
}
Event: 329.498 GC heap after
{Heap after GC invocations=39 (full 25):
 garbage-first heap   total 57344K, used 22206K [0x00000000c0000000, 0x0000000100000000)
  region size 1024K, 0 young (0K), 0 survivors (0K)
 Metaspace       used 38410K, committed 38976K, reserved 1114112K
  class space    used 5048K, committed 5248K, reserved 1048576K
}
Event: 339.696 GC heap before
{Heap before GC invocations=39 (full 25):
 garbage-first heap   total 57344K, used 22206K [0x00000000c0000000, 0x0000000100000000)
  region size 1024K, 1 young (1024K), 0 survivors (0K)
 Metaspace       used 38410K, committed 38976K, reserved 1114112K
  class space    used 5048K, committed 5248K, reserved 1048576K
}
Event: 339.716 GC heap after
{Heap after GC invocations=40 (full 26):
 garbage-first heap   total 57344K, used 22206K [0x00000000c0000000, 0x0000000100000000)
  region size 1024K, 0 young (0K), 0 survivors (0K)
 Metaspace       used 38410K, committed 38976K, reserved 1114112K
  class space    used 5048K, committed 5248K, reserved 1048576K
}
Event: 349.955 GC heap before
{Heap before GC invocations=40 (full 26):
 garbage-first heap   total 57344K, used 22206K [0x00000000c0000000, 0x0000000100000000)
  region size 1024K, 1 young (1024K), 0 survivors (0K)
 Metaspace       used 38410K, committed 38976K, reserved 1114112K
  class space    used 5048K, committed 5248K, reserved 1048576K
}
Event: 349.978 GC heap after
{Heap after GC invocations=41 (full 27):
 garbage-first heap   total 57344K, used 22206K [0x00000000c0000000, 0x0000000100000000)
  region size 1024K, 0 young (0K), 0 survivors (0K)
 Metaspace       used 38410K, committed 38976K, reserved 1114112K
  class space    used 5048K, committed 5248K, reserved 1048576K
}
Event: 360.996 GC heap before
{Heap before GC invocations=41 (full 27):
 garbage-first heap   total 57344K, used 22206K [0x00000000c0000000, 0x0000000100000000)
  region size 1024K, 1 young (1024K), 0 survivors (0K)
 Metaspace       used 38410K, committed 38976K, reserved 1114112K
  class space    used 5048K, committed 5248K, reserved 1048576K
}
Event: 361.018 GC heap after
{Heap after GC invocations=42 (full 28):
 garbage-first heap   total 57344K, used 22206K [0x00000000c0000000, 0x0000000100000000)
  region size 1024K, 0 young (0K), 0 survivors (0K)
 Metaspace       used 38410K, committed 38976K, reserved 1114112K
  class space    used 5048K, committed 5248K, reserved 1048576K
}
Event: 371.197 GC heap before
{Heap before GC invocations=42 (full 28):
 garbage-first heap   total 57344K, used 22206K [0x00000000c0000000, 0x0000000100000000)
  region size 1024K, 1 young (1024K), 0 survivors (0K)
 Metaspace       used 38410K, committed 38976K, reserved 1114112K
  class space    used 5048K, committed 5248K, reserved 1048576K
}
Event: 371.217 GC heap after
{Heap after GC invocations=43 (full 29):
 garbage-first heap   total 57344K, used 22206K [0x00000000c0000000, 0x0000000100000000)
  region size 1024K, 0 young (0K), 0 survivors (0K)
 Metaspace       used 38410K, committed 38976K, reserved 1114112K
  class space    used 5048K, committed 5248K, reserved 1048576K
}
Event: 381.531 GC heap before
{Heap before GC invocations=43 (full 29):
 garbage-first heap   total 57344K, used 22206K [0x00000000c0000000, 0x0000000100000000)
  region size 1024K, 1 young (1024K), 0 survivors (0K)
 Metaspace       used 38410K, committed 38976K, reserved 1114112K
  class space    used 5048K, committed 5248K, reserved 1048576K
}
Event: 381.552 GC heap after
{Heap after GC invocations=44 (full 30):
 garbage-first heap   total 57344K, used 22206K [0x00000000c0000000, 0x0000000100000000)
  region size 1024K, 0 young (0K), 0 survivors (0K)
 Metaspace       used 38410K, committed 38976K, reserved 1114112K
  class space    used 5048K, committed 5248K, reserved 1048576K
}
Event: 391.928 GC heap before
{Heap before GC invocations=44 (full 30):
 garbage-first heap   total 57344K, used 22206K [0x00000000c0000000, 0x0000000100000000)
  region size 1024K, 1 young (1024K), 0 survivors (0K)
 Metaspace       used 38410K, committed 38976K, reserved 1114112K
  class space    used 5048K, committed 5248K, reserved 1048576K
}
Event: 391.947 GC heap after
{Heap after GC invocations=45 (full 31):
 garbage-first heap   total 57344K, used 22206K [0x00000000c0000000, 0x0000000100000000)
  region size 1024K, 0 young (0K), 0 survivors (0K)
 Metaspace       used 38410K, committed 38976K, reserved 1114112K
  class space    used 5048K, committed 5248K, reserved 1048576K
}
Event: 402.224 GC heap before
{Heap before GC invocations=45 (full 31):
 garbage-first heap   total 57344K, used 22206K [0x00000000c0000000, 0x0000000100000000)
  region size 1024K, 1 young (1024K), 0 survivors (0K)
 Metaspace       used 38410K, committed 38976K, reserved 1114112K
  class space    used 5048K, committed 5248K, reserved 1048576K
}
Event: 402.244 GC heap after
{Heap after GC invocations=46 (full 32):
 garbage-first heap   total 57344K, used 22206K [0x00000000c0000000, 0x0000000100000000)
  region size 1024K, 0 young (0K), 0 survivors (0K)
 Metaspace       used 38410K, committed 38976K, reserved 1114112K
  class space    used 5048K, committed 5248K, reserved 1048576K
}
Event: 412.618 GC heap before
{Heap before GC invocations=46 (full 32):
 garbage-first heap   total 57344K, used 22206K [0x00000000c0000000, 0x0000000100000000)
  region size 1024K, 1 young (1024K), 0 survivors (0K)
 Metaspace       used 38410K, committed 38976K, reserved 1114112K
  class space    used 5048K, committed 5248K, reserved 1048576K
}
Event: 412.639 GC heap after
{Heap after GC invocations=47 (full 33):
 garbage-first heap   total 57344K, used 22206K [0x00000000c0000000, 0x0000000100000000)
  region size 1024K, 0 young (0K), 0 survivors (0K)
 Metaspace       used 38410K, committed 38976K, reserved 1114112K
  class space    used 5048K, committed 5248K, reserved 1048576K
}
Event: 422.856 GC heap before
{Heap before GC invocations=47 (full 33):
 garbage-first heap   total 57344K, used 22206K [0x00000000c0000000, 0x0000000100000000)
  region size 1024K, 1 young (1024K), 0 survivors (0K)
 Metaspace       used 38410K, committed 38976K, reserved 1114112K
  class space    used 5048K, committed 5248K, reserved 1048576K
}
Event: 422.877 GC heap after
{Heap after GC invocations=48 (full 34):
 garbage-first heap   total 57344K, used 22206K [0x00000000c0000000, 0x0000000100000000)
  region size 1024K, 0 young (0K), 0 survivors (0K)
 Metaspace       used 38410K, committed 38976K, reserved 1114112K
  class space    used 5048K, committed 5248K, reserved 1048576K
}

