# JRE version: OpenJDK Runtime Environment Temurin-17.0.9+9 (17.0.9+9) (build 17.0.9+9)
# Java VM: OpenJDK 64-Bit Server VM Temurin-17.0.9+9 (17.0.9+9, mixed mode, emulated-client, tiered, compressed oops, compressed class ptrs, g1 gc, windows-amd64)
GC Precious Log:
 CPUs: 4 total, 4 available
 Memory: 3524M
 Large Page Support: Disabled
 NUMA Support: Disabled
 Compressed Oops: Enabled (32-bit)
 Heap Region Size: 1M
 Heap Min Capacity: 8M
 Heap Initial Capacity: 56M
 Heap Max Capacity: 1G
 Pre-touch: Disabled
 Parallel Workers: 4
 Concurrent Workers: 1
 Concurrent Refinement Workers: 4
 Periodic GC: Disabled
Heap:
 garbage-first heap   total 75776K, used 22119K [0x00000000c0000000, 0x0000000100000000)
  region size 1024K, 1 young (1024K), 0 survivors (0K)
 Metaspace       used 38412K, committed 38976K, reserved 1114112K
  class space    used 5049K, committed 5248K, reserved 1048576K
GC Heap History (20 events):
Event: 730.780 GC heap before
{Heap before GC invocations=76 (full 63):
 garbage-first heap   total 75776K, used 22119K [0x00000000c0000000, 0x0000000100000000)
  region size 1024K, 1 young (1024K), 0 survivors (0K)
 Metaspace       used 38412K, committed 38976K, reserved 1114112K
  class space    used 5049K, committed 5248K, reserved 1048576K
}
Event: 730.801 GC heap after
{Heap after GC invocations=77 (full 64):
 garbage-first heap   total 75776K, used 22119K [0x00000000c0000000, 0x0000000100000000)
  region size 1024K, 0 young (0K), 0 survivors (0K)
 Metaspace       used 38412K, committed 38976K, reserved 1114112K
  class space    used 5049K, committed 5248K, reserved 1048576K
}
Event: 741.180 GC heap before
{Heap before GC invocations=77 (full 64):
 garbage-first heap   total 75776K, used 22119K [0x00000000c0000000, 0x0000000100000000)
  region size 1024K, 1 young (1024K), 0 survivors (0K)
 Metaspace       used 38412K, committed 38976K, reserved 1114112K
  class space    used 5049K, committed 5248K, reserved 1048576K
}
Event: 741.202 GC heap after
{Heap after GC invocations=78 (full 65):
 garbage-first heap   total 75776K, used 22119K [0x00000000c0000000, 0x0000000100000000)
  region size 1024K, 0 young (0K), 0 survivors (0K)
 Metaspace       used 38412K, committed 38976K, reserved 1114112K
  class space    used 5049K, committed 5248K, reserved 1048576K
}
Event: 752.114 GC heap before
{Heap before GC invocations=78 (full 65):
 garbage-first heap   total 75776K, used 22119K [0x00000000c0000000, 0x0000000100000000)
  region size 1024K, 1 young (1024K), 0 survivors (0K)
 Metaspace       used 38412K, committed 38976K, reserved 1114112K
  class space    used 5049K, committed 5248K, reserved 1048576K
}
Event: 752.145 GC heap after
{Heap after GC invocations=79 (full 66):
 garbage-first heap   total 75776K, used 22119K [0x00000000c0000000, 0x0000000100000000)
  region size 1024K, 0 young (0K), 0 survivors (0K)
 Metaspace       used 38412K, committed 38976K, reserved 1114112K
  class space    used 5049K, committed 5248K, reserved 1048576K
}
Event: 762.656 GC heap before
{Heap before GC invocations=79 (full 66):
 garbage-first heap   total 75776K, used 22119K [0x00000000c0000000, 0x0000000100000000)
  region size 1024K, 1 young (1024K), 0 survivors (0K)
 Metaspace       used 38412K, committed 38976K, reserved 1114112K
  class space    used 5049K, committed 5248K, reserved 1048576K
}
Event: 762.680 GC heap after
{Heap after GC invocations=80 (full 67):
 garbage-first heap   total 75776K, used 22119K [0x00000000c0000000, 0x0000000100000000)
  region size 1024K, 0 young (0K), 0 survivors (0K)
 Metaspace       used 38412K, committed 38976K, reserved 1114112K
  class space    used 5049K, committed 5248K, reserved 1048576K
}
Event: 773.164 GC heap before
{Heap before GC invocations=80 (full 67):
 garbage-first heap   total 75776K, used 22119K [0x00000000c0000000, 0x0000000100000000)
  region size 1024K, 1 young (1024K), 0 survivors (0K)
 Metaspace       used 38412K, committed 38976K, reserved 1114112K
  class space    used 5049K, committed 5248K, reserved 1048576K
}
Event: 773.217 GC heap after
{Heap after GC invocations=81 (full 68):
 garbage-first heap   total 75776K, used 22119K [0x00000000c0000000, 0x0000000100000000)
  region size 1024K, 0 young (0K), 0 survivors (0K)
 Metaspace       used 38412K, committed 38976K, reserved 1114112K
  class space    used 5049K, committed 5248K, reserved 1048576K
}
Event: 783.502 GC heap before
{Heap before GC invocations=81 (full 68):
 garbage-first heap   total 75776K, used 22119K [0x00000000c0000000, 0x0000000100000000)
  region size 1024K, 1 young (1024K), 0 survivors (0K)
 Metaspace       used 38412K, committed 38976K, reserved 1114112K
  class space    used 5049K, committed 5248K, reserved 1048576K
}
Event: 783.523 GC heap after
{Heap after GC invocations=82 (full 69):
 garbage-first heap   total 75776K, used 22119K [0x00000000c0000000, 0x0000000100000000)
  region size 1024K, 0 young (0K), 0 survivors (0K)
 Metaspace       used 38412K, committed 38976K, reserved 1114112K
  class space    used 5049K, committed 5248K, reserved 1048576K
}
Event: 794.169 GC heap before
{Heap before GC invocations=82 (full 69):
 garbage-first heap   total 75776K, used 22119K [0x00000000c0000000, 0x0000000100000000)
  region size 1024K, 1 young (1024K), 0 survivors (0K)
 Metaspace       used 38412K, committed 38976K, reserved 1114112K
  class space    used 5049K, committed 5248K, reserved 1048576K
}
Event: 794.192 GC heap after
{Heap after GC invocations=83 (full 70):
 garbage-first heap   total 75776K, used 22119K [0x00000000c0000000, 0x0000000100000000)
  region size 1024K, 0 young (0K), 0 survivors (0K)
 Metaspace       used 38412K, committed 38976K, reserved 1114112K
  class space    used 5049K, committed 5248K, reserved 1048576K
}
Event: 804.641 GC heap before
{Heap before GC invocations=83 (full 70):
 garbage-first heap   total 75776K, used 22119K [0x00000000c0000000, 0x0000000100000000)
  region size 1024K, 1 young (1024K), 0 survivors (0K)
 Metaspace       used 38412K, committed 38976K, reserved 1114112K
  class space    used 5049K, committed 5248K, reserved 1048576K
}
Event: 804.664 GC heap after
{Heap after GC invocations=84 (full 71):
 garbage-first heap   total 75776K, used 22119K [0x00000000c0000000, 0x0000000100000000)
  region size 1024K, 0 young (0K), 0 survivors (0K)
 Metaspace       used 38412K, committed 38976K, reserved 1114112K
  class space    used 5049K, committed 5248K, reserved 1048576K
}
Event: 815.324 GC heap before
{Heap before GC invocations=84 (full 71):
 garbage-first heap   total 75776K, used 22119K [0x00000000c0000000, 0x0000000100000000)
  region size 1024K, 1 young (1024K), 0 survivors (0K)
 Metaspace       used 38412K, committed 38976K, reserved 1114112K
  class space    used 5049K, committed 5248K, reserved 1048576K
}
Event: 815.377 GC heap after
{Heap after GC invocations=85 (full 72):
 garbage-first heap   total 75776K, used 22119K [0x00000000c0000000, 0x0000000100000000)
  region size 1024K, 0 young (0K), 0 survivors (0K)
 Metaspace       used 38412K, committed 38976K, reserved 1114112K
  class space    used 5049K, committed 5248K, reserved 1048576K
}
Event: 826.441 GC heap before
{Heap before GC invocations=85 (full 72):
 garbage-first heap   total 75776K, used 22119K [0x00000000c0000000, 0x0000000100000000)
  region size 1024K, 1 young (1024K), 0 survivors (0K)
 Metaspace       used 38412K, committed 38976K, reserved 1114112K
  class space    used 5049K, committed 5248K, reserved 1048576K
}
Event: 826.474 GC heap after
{Heap after GC invocations=86 (full 73):
 garbage-first heap   total 75776K, used 22119K [0x00000000c0000000, 0x0000000100000000)
  region size 1024K, 0 young (0K), 0 survivors (0K)
 Metaspace       used 38412K, committed 38976K, reserved 1114112K
  class space    used 5049K, committed 5248K, reserved 1048576K
}

