# JRE version: OpenJDK Runtime Environment Temurin-17.0.9+9 (17.0.9+9) (build 17.0.9+9)
# Java VM: OpenJDK 64-Bit Server VM Temurin-17.0.9+9 (17.0.9+9, mixed mode, emulated-client, tiered, compressed oops, compressed class ptrs, g1 gc, windows-amd64)
GC Precious Log:
 CPUs: 4 total, 4 available
 Memory: 3524M
 Large Page Support: Disabled
 NUMA Support: Disabled
 Compressed Oops: Enabled (32-bit)
 Heap Region Size: 1M
 Heap Min Capacity: 8M
 Heap Initial Capacity: 56M
 Heap Max Capacity: 1G
 Pre-touch: Disabled
 Parallel Workers: 4
 Concurrent Workers: 1
 Concurrent Refinement Workers: 4
 Periodic GC: Disabled
Heap:
 garbage-first heap   total 57344K, used 22145K [0x00000000c0000000, 0x0000000100000000)
  region size 1024K, 1 young (1024K), 0 survivors (0K)
 Metaspace       used 38438K, committed 38976K, reserved 1114112K
  class space    used 5059K, committed 5248K, reserved 1048576K
GC Heap History (20 events):
Event: 8735.367 GC heap before
{Heap before GC invocations=838 (full 823):
 garbage-first heap   total 57344K, used 22145K [0x00000000c0000000, 0x0000000100000000)
  region size 1024K, 1 young (1024K), 0 survivors (0K)
 Metaspace       used 38437K, committed 38976K, reserved 1114112K
  class space    used 5059K, committed 5248K, reserved 1048576K
}
Event: 8735.388 GC heap after
{Heap after GC invocations=839 (full 824):
 garbage-first heap   total 57344K, used 22145K [0x00000000c0000000, 0x0000000100000000)
  region size 1024K, 0 young (0K), 0 survivors (0K)
 Metaspace       used 38437K, committed 38976K, reserved 1114112K
  class space    used 5059K, committed 5248K, reserved 1048576K
}
Event: 8746.007 GC heap before
{Heap before GC invocations=839 (full 824):
 garbage-first heap   total 57344K, used 22145K [0x00000000c0000000, 0x0000000100000000)
  region size 1024K, 1 young (1024K), 0 survivors (0K)
 Metaspace       used 38437K, committed 38976K, reserved 1114112K
  class space    used 5059K, committed 5248K, reserved 1048576K
}
Event: 8746.029 GC heap after
{Heap after GC invocations=840 (full 825):
 garbage-first heap   total 57344K, used 22145K [0x00000000c0000000, 0x0000000100000000)
  region size 1024K, 0 young (0K), 0 survivors (0K)
 Metaspace       used 38437K, committed 38976K, reserved 1114112K
  class space    used 5059K, committed 5248K, reserved 1048576K
}
Event: 8756.271 GC heap before
{Heap before GC invocations=840 (full 825):
 garbage-first heap   total 57344K, used 22145K [0x00000000c0000000, 0x0000000100000000)
  region size 1024K, 1 young (1024K), 0 survivors (0K)
 Metaspace       used 38437K, committed 38976K, reserved 1114112K
  class space    used 5059K, committed 5248K, reserved 1048576K
}
Event: 8756.292 GC heap after
{Heap after GC invocations=841 (full 826):
 garbage-first heap   total 57344K, used 22145K [0x00000000c0000000, 0x0000000100000000)
  region size 1024K, 0 young (0K), 0 survivors (0K)
 Metaspace       used 38437K, committed 38976K, reserved 1114112K
  class space    used 5059K, committed 5248K, reserved 1048576K
}
Event: 8766.504 GC heap before
{Heap before GC invocations=841 (full 826):
 garbage-first heap   total 57344K, used 22145K [0x00000000c0000000, 0x0000000100000000)
  region size 1024K, 1 young (1024K), 0 survivors (0K)
 Metaspace       used 38437K, committed 38976K, reserved 1114112K
  class space    used 5059K, committed 5248K, reserved 1048576K
}
Event: 8766.526 GC heap after
{Heap after GC invocations=842 (full 827):
 garbage-first heap   total 57344K, used 22145K [0x00000000c0000000, 0x0000000100000000)
  region size 1024K, 0 young (0K), 0 survivors (0K)
 Metaspace       used 38437K, committed 38976K, reserved 1114112K
  class space    used 5059K, committed 5248K, reserved 1048576K
}
Event: 8776.766 GC heap before
{Heap before GC invocations=842 (full 827):
 garbage-first heap   total 57344K, used 22145K [0x00000000c0000000, 0x0000000100000000)
  region size 1024K, 1 young (1024K), 0 survivors (0K)
 Metaspace       used 38437K, committed 38976K, reserved 1114112K
  class space    used 5059K, committed 5248K, reserved 1048576K
}
Event: 8776.786 GC heap after
{Heap after GC invocations=843 (full 828):
 garbage-first heap   total 57344K, used 22145K [0x00000000c0000000, 0x0000000100000000)
  region size 1024K, 0 young (0K), 0 survivors (0K)
 Metaspace       used 38437K, committed 38976K, reserved 1114112K
  class space    used 5059K, committed 5248K, reserved 1048576K
}
Event: 8787.034 GC heap before
{Heap before GC invocations=843 (full 828):
 garbage-first heap   total 57344K, used 22145K [0x00000000c0000000, 0x0000000100000000)
  region size 1024K, 1 young (1024K), 0 survivors (0K)
 Metaspace       used 38437K, committed 38976K, reserved 1114112K
  class space    used 5059K, committed 5248K, reserved 1048576K
}
Event: 8787.055 GC heap after
{Heap after GC invocations=844 (full 829):
 garbage-first heap   total 57344K, used 22145K [0x00000000c0000000, 0x0000000100000000)
  region size 1024K, 0 young (0K), 0 survivors (0K)
 Metaspace       used 38437K, committed 38976K, reserved 1114112K
  class space    used 5059K, committed 5248K, reserved 1048576K
}
Event: 8797.260 GC heap before
{Heap before GC invocations=844 (full 829):
 garbage-first heap   total 57344K, used 22145K [0x00000000c0000000, 0x0000000100000000)
  region size 1024K, 1 young (1024K), 0 survivors (0K)
 Metaspace       used 38437K, committed 38976K, reserved 1114112K
  class space    used 5059K, committed 5248K, reserved 1048576K
}
Event: 8797.280 GC heap after
{Heap after GC invocations=845 (full 830):
 garbage-first heap   total 57344K, used 22145K [0x00000000c0000000, 0x0000000100000000)
  region size 1024K, 0 young (0K), 0 survivors (0K)
 Metaspace       used 38437K, committed 38976K, reserved 1114112K
  class space    used 5059K, committed 5248K, reserved 1048576K
}
Event: 8807.488 GC heap before
{Heap before GC invocations=845 (full 830):
 garbage-first heap   total 57344K, used 22145K [0x00000000c0000000, 0x0000000100000000)
  region size 1024K, 1 young (1024K), 0 survivors (0K)
 Metaspace       used 38437K, committed 38976K, reserved 1114112K
  class space    used 5059K, committed 5248K, reserved 1048576K
}
Event: 8807.508 GC heap after
{Heap after GC invocations=846 (full 831):
 garbage-first heap   total 57344K, used 22145K [0x00000000c0000000, 0x0000000100000000)
  region size 1024K, 0 young (0K), 0 survivors (0K)
 Metaspace       used 38437K, committed 38976K, reserved 1114112K
  class space    used 5059K, committed 5248K, reserved 1048576K
}
Event: 8817.686 GC heap before
{Heap before GC invocations=846 (full 831):
 garbage-first heap   total 57344K, used 22145K [0x00000000c0000000, 0x0000000100000000)
  region size 1024K, 1 young (1024K), 0 survivors (0K)
 Metaspace       used 38437K, committed 38976K, reserved 1114112K
  class space    used 5059K, committed 5248K, reserved 1048576K
}
Event: 8817.706 GC heap after
{Heap after GC invocations=847 (full 832):
 garbage-first heap   total 57344K, used 22145K [0x00000000c0000000, 0x0000000100000000)
  region size 1024K, 0 young (0K), 0 survivors (0K)
 Metaspace       used 38437K, committed 38976K, reserved 1114112K
  class space    used 5059K, committed 5248K, reserved 1048576K
}
Event: 8827.890 GC heap before
{Heap before GC invocations=847 (full 832):
 garbage-first heap   total 57344K, used 22145K [0x00000000c0000000, 0x0000000100000000)
  region size 1024K, 1 young (1024K), 0 survivors (0K)
 Metaspace       used 38437K, committed 38976K, reserved 1114112K
  class space    used 5059K, committed 5248K, reserved 1048576K
}
Event: 8827.910 GC heap after
{Heap after GC invocations=848 (full 833):
 garbage-first heap   total 57344K, used 22145K [0x00000000c0000000, 0x0000000100000000)
  region size 1024K, 0 young (0K), 0 survivors (0K)
 Metaspace       used 38437K, committed 38976K, reserved 1114112K
  class space    used 5059K, committed 5248K, reserved 1048576K
}

