# JRE version: OpenJDK Runtime Environment Temurin-17.0.9+9 (17.0.9+9) (build 17.0.9+9)
# Java VM: OpenJDK 64-Bit Server VM Temurin-17.0.9+9 (17.0.9+9, mixed mode, emulated-client, tiered, compressed oops, compressed class ptrs, g1 gc, windows-amd64)
GC Precious Log:
 CPUs: 4 total, 4 available
 Memory: 3524M
 Large Page Support: Disabled
 NUMA Support: Disabled
 Compressed Oops: Enabled (32-bit)
 Heap Region Size: 1M
 Heap Min Capacity: 8M
 Heap Initial Capacity: 56M
 Heap Max Capacity: 1G
 Pre-touch: Disabled
 Parallel Workers: 4
 Concurrent Workers: 1
 Concurrent Refinement Workers: 4
 Periodic GC: Disabled
Heap:
 garbage-first heap   total 57344K, used 22062K [0x00000000c0000000, 0x0000000100000000)
  region size 1024K, 1 young (1024K), 0 survivors (0K)
 Metaspace       used 38410K, committed 38976K, reserved 1114112K
  class space    used 5050K, committed 5248K, reserved 1048576K
GC Heap History (20 events):
Event: 2341.737 GC heap before
{Heap before GC invocations=225 (full 210):
 garbage-first heap   total 57344K, used 22062K [0x00000000c0000000, 0x0000000100000000)
  region size 1024K, 1 young (1024K), 0 survivors (0K)
 Metaspace       used 38410K, committed 38976K, reserved 1114112K
  class space    used 5050K, committed 5248K, reserved 1048576K
}
Event: 2341.759 GC heap after
{Heap after GC invocations=226 (full 211):
 garbage-first heap   total 57344K, used 22062K [0x00000000c0000000, 0x0000000100000000)
  region size 1024K, 0 young (0K), 0 survivors (0K)
 Metaspace       used 38410K, committed 38976K, reserved 1114112K
  class space    used 5050K, committed 5248K, reserved 1048576K
}
Event: 2352.244 GC heap before
{Heap before GC invocations=226 (full 211):
 garbage-first heap   total 57344K, used 22062K [0x00000000c0000000, 0x0000000100000000)
  region size 1024K, 1 young (1024K), 0 survivors (0K)
 Metaspace       used 38410K, committed 38976K, reserved 1114112K
  class space    used 5050K, committed 5248K, reserved 1048576K
}
Event: 2352.290 GC heap after
{Heap after GC invocations=227 (full 212):
 garbage-first heap   total 57344K, used 22062K [0x00000000c0000000, 0x0000000100000000)
  region size 1024K, 0 young (0K), 0 survivors (0K)
 Metaspace       used 38410K, committed 38976K, reserved 1114112K
  class space    used 5050K, committed 5248K, reserved 1048576K
}
Event: 2362.772 GC heap before
{Heap before GC invocations=227 (full 212):
 garbage-first heap   total 57344K, used 22062K [0x00000000c0000000, 0x0000000100000000)
  region size 1024K, 1 young (1024K), 0 survivors (0K)
 Metaspace       used 38410K, committed 38976K, reserved 1114112K
  class space    used 5050K, committed 5248K, reserved 1048576K
}
Event: 2362.798 GC heap after
{Heap after GC invocations=228 (full 213):
 garbage-first heap   total 57344K, used 22062K [0x00000000c0000000, 0x0000000100000000)
  region size 1024K, 0 young (0K), 0 survivors (0K)
 Metaspace       used 38410K, committed 38976K, reserved 1114112K
  class space    used 5050K, committed 5248K, reserved 1048576K
}
Event: 2373.418 GC heap before
{Heap before GC invocations=228 (full 213):
 garbage-first heap   total 57344K, used 22062K [0x00000000c0000000, 0x0000000100000000)
  region size 1024K, 1 young (1024K), 0 survivors (0K)
 Metaspace       used 38410K, committed 38976K, reserved 1114112K
  class space    used 5050K, committed 5248K, reserved 1048576K
}
Event: 2373.442 GC heap after
{Heap after GC invocations=229 (full 214):
 garbage-first heap   total 57344K, used 22062K [0x00000000c0000000, 0x0000000100000000)
  region size 1024K, 0 young (0K), 0 survivors (0K)
 Metaspace       used 38410K, committed 38976K, reserved 1114112K
  class space    used 5050K, committed 5248K, reserved 1048576K
}
Event: 2387.840 GC heap before
{Heap before GC invocations=229 (full 214):
 garbage-first heap   total 57344K, used 22062K [0x00000000c0000000, 0x0000000100000000)
  region size 1024K, 1 young (1024K), 0 survivors (0K)
 Metaspace       used 38410K, committed 38976K, reserved 1114112K
  class space    used 5050K, committed 5248K, reserved 1048576K
}
Event: 2387.863 GC heap after
{Heap after GC invocations=230 (full 215):
 garbage-first heap   total 57344K, used 22062K [0x00000000c0000000, 0x0000000100000000)
  region size 1024K, 0 young (0K), 0 survivors (0K)
 Metaspace       used 38410K, committed 38976K, reserved 1114112K
  class space    used 5050K, committed 5248K, reserved 1048576K
}
Event: 2398.155 GC heap before
{Heap before GC invocations=230 (full 215):
 garbage-first heap   total 57344K, used 22062K [0x00000000c0000000, 0x0000000100000000)
  region size 1024K, 1 young (1024K), 0 survivors (0K)
 Metaspace       used 38410K, committed 38976K, reserved 1114112K
  class space    used 5050K, committed 5248K, reserved 1048576K
}
Event: 2398.177 GC heap after
{Heap after GC invocations=231 (full 216):
 garbage-first heap   total 57344K, used 22062K [0x00000000c0000000, 0x0000000100000000)
  region size 1024K, 0 young (0K), 0 survivors (0K)
 Metaspace       used 38410K, committed 38976K, reserved 1114112K
  class space    used 5050K, committed 5248K, reserved 1048576K
}
Event: 2409.429 GC heap before
{Heap before GC invocations=231 (full 216):
 garbage-first heap   total 57344K, used 22062K [0x00000000c0000000, 0x0000000100000000)
  region size 1024K, 1 young (1024K), 0 survivors (0K)
 Metaspace       used 38410K, committed 38976K, reserved 1114112K
  class space    used 5050K, committed 5248K, reserved 1048576K
}
Event: 2409.451 GC heap after
{Heap after GC invocations=232 (full 217):
 garbage-first heap   total 57344K, used 22062K [0x00000000c0000000, 0x0000000100000000)
  region size 1024K, 0 young (0K), 0 survivors (0K)
 Metaspace       used 38410K, committed 38976K, reserved 1114112K
  class space    used 5050K, committed 5248K, reserved 1048576K
}
Event: 2420.058 GC heap before
{Heap before GC invocations=232 (full 217):
 garbage-first heap   total 57344K, used 22062K [0x00000000c0000000, 0x0000000100000000)
  region size 1024K, 1 young (1024K), 0 survivors (0K)
 Metaspace       used 38410K, committed 38976K, reserved 1114112K
  class space    used 5050K, committed 5248K, reserved 1048576K
}
Event: 2420.083 GC heap after
{Heap after GC invocations=233 (full 218):
 garbage-first heap   total 57344K, used 22062K [0x00000000c0000000, 0x0000000100000000)
  region size 1024K, 0 young (0K), 0 survivors (0K)
 Metaspace       used 38410K, committed 38976K, reserved 1114112K
  class space    used 5050K, committed 5248K, reserved 1048576K
}
Event: 2432.974 GC heap before
{Heap before GC invocations=233 (full 218):
 garbage-first heap   total 57344K, used 22062K [0x00000000c0000000, 0x0000000100000000)
  region size 1024K, 1 young (1024K), 0 survivors (0K)
 Metaspace       used 38410K, committed 38976K, reserved 1114112K
  class space    used 5050K, committed 5248K, reserved 1048576K
}
Event: 2433.000 GC heap after
{Heap after GC invocations=234 (full 219):
 garbage-first heap   total 57344K, used 22062K [0x00000000c0000000, 0x0000000100000000)
  region size 1024K, 0 young (0K), 0 survivors (0K)
 Metaspace       used 38410K, committed 38976K, reserved 1114112K
  class space    used 5050K, committed 5248K, reserved 1048576K
}
Event: 2443.372 GC heap before
{Heap before GC invocations=234 (full 219):
 garbage-first heap   total 57344K, used 22062K [0x00000000c0000000, 0x0000000100000000)
  region size 1024K, 1 young (1024K), 0 survivors (0K)
 Metaspace       used 38410K, committed 38976K, reserved 1114112K
  class space    used 5050K, committed 5248K, reserved 1048576K
}
Event: 2443.394 GC heap after
{Heap after GC invocations=235 (full 220):
 garbage-first heap   total 57344K, used 22062K [0x00000000c0000000, 0x0000000100000000)
  region size 1024K, 0 young (0K), 0 survivors (0K)
 Metaspace       used 38410K, committed 38976K, reserved 1114112K
  class space    used 5050K, committed 5248K, reserved 1048576K
}

