# JRE version: OpenJDK Runtime Environment Temurin-17.0.9+9 (17.0.9+9) (build 17.0.9+9)
# Java VM: OpenJDK 64-Bit Server VM Temurin-17.0.9+9 (17.0.9+9, mixed mode, tiered, compressed oops, compressed class ptrs, g1 gc, windows-amd64)
GC Precious Log:
 CPUs: 4 total, 4 available
 Memory: 3524M
 Large Page Support: Disabled
 NUMA Support: Disabled
 Compressed Oops: Enabled (32-bit)
 Heap Region Size: 1M
 Heap Min Capacity: 8M
 Heap Initial Capacity: 56M
 Heap Max Capacity: 882M
 Pre-touch: Disabled
 Parallel Workers: 4
 Concurrent Workers: 1
 Concurrent Refinement Workers: 4
 Periodic GC: Disabled
Heap:
 garbage-first heap   total 56320K, used 31982K [0x00000000c8e00000, 0x0000000100000000)
  region size 1024K, 4 young (4096K), 2 survivors (2048K)
 Metaspace       used 71676K, committed 72192K, reserved 1114112K
  class space    used 9569K, committed 9792K, reserved 1048576K
GC Heap History (20 events):
Event: 10.954 GC heap before
{Heap before GC invocations=17 (full 0):
 garbage-first heap   total 46080K, used 34624K [0x00000000c8e00000, 0x0000000100000000)
  region size 1024K, 16 young (16384K), 3 survivors (3072K)
 Metaspace       used 54725K, committed 55168K, reserved 1114112K
  class space    used 6977K, committed 7168K, reserved 1048576K
}
Event: 10.958 GC heap after
{Heap after GC invocations=18 (full 0):
 garbage-first heap   total 46080K, used 23322K [0x00000000c8e00000, 0x0000000100000000)
  region size 1024K, 2 young (2048K), 2 survivors (2048K)
 Metaspace       used 54725K, committed 55168K, reserved 1114112K
  class space    used 6977K, committed 7168K, reserved 1048576K
}
Event: 11.564 GC heap before
{Heap before GC invocations=18 (full 0):
 garbage-first heap   total 46080K, used 34586K [0x00000000c8e00000, 0x0000000100000000)
  region size 1024K, 13 young (13312K), 2 survivors (2048K)
 Metaspace       used 58728K, committed 59200K, reserved 1114112K
  class space    used 7576K, committed 7808K, reserved 1048576K
}
Event: 11.575 GC heap after
{Heap after GC invocations=19 (full 0):
 garbage-first heap   total 46080K, used 23492K [0x00000000c8e00000, 0x0000000100000000)
  region size 1024K, 2 young (2048K), 2 survivors (2048K)
 Metaspace       used 58728K, committed 59200K, reserved 1114112K
  class space    used 7576K, committed 7808K, reserved 1048576K
}
Event: 12.259 GC heap before
{Heap before GC invocations=20 (full 0):
 garbage-first heap   total 46080K, used 35780K [0x00000000c8e00000, 0x0000000100000000)
  region size 1024K, 14 young (14336K), 2 survivors (2048K)
 Metaspace       used 61051K, committed 61568K, reserved 1114112K
  class space    used 8082K, committed 8320K, reserved 1048576K
}
Event: 12.267 GC heap after
{Heap after GC invocations=21 (full 0):
 garbage-first heap   total 46080K, used 24066K [0x00000000c8e00000, 0x0000000100000000)
  region size 1024K, 1 young (1024K), 1 survivors (1024K)
 Metaspace       used 61051K, committed 61568K, reserved 1114112K
  class space    used 8082K, committed 8320K, reserved 1048576K
}
Event: 12.795 GC heap before
{Heap before GC invocations=21 (full 0):
 garbage-first heap   total 46080K, used 36354K [0x00000000c8e00000, 0x0000000100000000)
  region size 1024K, 13 young (13312K), 1 survivors (1024K)
 Metaspace       used 63636K, committed 64128K, reserved 1114112K
  class space    used 8473K, committed 8704K, reserved 1048576K
}
Event: 12.798 GC heap after
{Heap after GC invocations=22 (full 0):
 garbage-first heap   total 46080K, used 24509K [0x00000000c8e00000, 0x0000000100000000)
  region size 1024K, 2 young (2048K), 2 survivors (2048K)
 Metaspace       used 63636K, committed 64128K, reserved 1114112K
  class space    used 8473K, committed 8704K, reserved 1048576K
}
Event: 13.333 GC heap before
{Heap before GC invocations=23 (full 0):
 garbage-first heap   total 46080K, used 35773K [0x00000000c8e00000, 0x0000000100000000)
  region size 1024K, 13 young (13312K), 2 survivors (2048K)
 Metaspace       used 65830K, committed 66304K, reserved 1114112K
  class space    used 8709K, committed 8896K, reserved 1048576K
}
Event: 13.337 GC heap after
{Heap after GC invocations=24 (full 0):
 garbage-first heap   total 46080K, used 25608K [0x00000000c8e00000, 0x0000000100000000)
  region size 1024K, 2 young (2048K), 2 survivors (2048K)
 Metaspace       used 65830K, committed 66304K, reserved 1114112K
  class space    used 8709K, committed 8896K, reserved 1048576K
}
Event: 13.572 GC heap before
{Heap before GC invocations=24 (full 0):
 garbage-first heap   total 46080K, used 36872K [0x00000000c8e00000, 0x0000000100000000)
  region size 1024K, 13 young (13312K), 2 survivors (2048K)
 Metaspace       used 66612K, committed 67072K, reserved 1114112K
  class space    used 8849K, committed 9088K, reserved 1048576K
}
Event: 13.576 GC heap after
{Heap after GC invocations=25 (full 0):
 garbage-first heap   total 46080K, used 26302K [0x00000000c8e00000, 0x0000000100000000)
  region size 1024K, 1 young (1024K), 1 survivors (1024K)
 Metaspace       used 66612K, committed 67072K, reserved 1114112K
  class space    used 8849K, committed 9088K, reserved 1048576K
}
Event: 13.945 GC heap before
{Heap before GC invocations=26 (full 0):
 garbage-first heap   total 51200K, used 36542K [0x00000000c8e00000, 0x0000000100000000)
  region size 1024K, 11 young (11264K), 1 survivors (1024K)
 Metaspace       used 66914K, committed 67392K, reserved 1114112K
  class space    used 8893K, committed 9088K, reserved 1048576K
}
Event: 13.947 GC heap after
{Heap after GC invocations=27 (full 0):
 garbage-first heap   total 51200K, used 26805K [0x00000000c8e00000, 0x0000000100000000)
  region size 1024K, 2 young (2048K), 2 survivors (2048K)
 Metaspace       used 66914K, committed 67392K, reserved 1114112K
  class space    used 8893K, committed 9088K, reserved 1048576K
}
Event: 14.464 GC heap before
{Heap before GC invocations=27 (full 0):
 garbage-first heap   total 51200K, used 41141K [0x00000000c8e00000, 0x0000000100000000)
  region size 1024K, 16 young (16384K), 2 survivors (2048K)
 Metaspace       used 68534K, committed 68992K, reserved 1114112K
  class space    used 9139K, committed 9344K, reserved 1048576K
}
Event: 14.467 GC heap after
{Heap after GC invocations=28 (full 0):
 garbage-first heap   total 51200K, used 28215K [0x00000000c8e00000, 0x0000000100000000)
  region size 1024K, 2 young (2048K), 2 survivors (2048K)
 Metaspace       used 68534K, committed 68992K, reserved 1114112K
  class space    used 9139K, committed 9344K, reserved 1048576K
}
Event: 14.945 GC heap before
{Heap before GC invocations=29 (full 0):
 garbage-first heap   total 53248K, used 40503K [0x00000000c8e00000, 0x0000000100000000)
  region size 1024K, 14 young (14336K), 2 survivors (2048K)
 Metaspace       used 70402K, committed 70912K, reserved 1114112K
  class space    used 9402K, committed 9664K, reserved 1048576K
}
Event: 14.950 GC heap after
{Heap after GC invocations=30 (full 0):
 garbage-first heap   total 53248K, used 29491K [0x00000000c8e00000, 0x0000000100000000)
  region size 1024K, 2 young (2048K), 2 survivors (2048K)
 Metaspace       used 70402K, committed 70912K, reserved 1114112K
  class space    used 9402K, committed 9664K, reserved 1048576K
}
Event: 15.303 GC heap before
{Heap before GC invocations=30 (full 0):
 garbage-first heap   total 53248K, used 41779K [0x00000000c8e00000, 0x0000000100000000)
  region size 1024K, 14 young (14336K), 2 survivors (2048K)
 Metaspace       used 71440K, committed 72000K, reserved 1114112K
  class space    used 9537K, committed 9792K, reserved 1048576K
}
Event: 15.312 GC heap after
{Heap after GC invocations=31 (full 0):
 garbage-first heap   total 53248K, used 30958K [0x00000000c8e00000, 0x0000000100000000)
  region size 1024K, 2 young (2048K), 2 survivors (2048K)
 Metaspace       used 71440K, committed 72000K, reserved 1114112K
  class space    used 9537K, committed 9792K, reserved 1048576K
}

